<?xml version="1.0" encoding="UTF-8"?>
<!-- Generated by org.testng.reporters.JUnitReportReporter -->
<testsuite hostname="ADMIN-PC" failures="0" tests="6" name="MainTest" time="7.150" errors="0" timestamp="2023-01-31T21:16:53 AZT" skipped="0">
  <testcase classname="MainTest" name="GetTest" time="0.181"/>
  <system-out/>
  <testcase classname="MainTest" name="CertainUserGetTest" time="0.823"/>
  <system-out/>
  <testcase classname="MainTest" name="CertainElementGetTest" time="4.126"/>
  <system-out/>
  <testcase classname="MainTest" name="UserGetRequestTest" time="0.150"/>
  <system-out/>
  <testcase classname="MainTest" name="ErrorGetRequestTest" time="0.250"/>
  <system-out/>
  <testcase classname="MainTest" name="PostRequestTest" time="1.620"/>
  <system-out/>
</testsuite> <!-- MainTest -->
